Demo 

PS C:\Users\mobri\Documents\FitnessTracker> & "C:\Users\mobri\Documents\FitnessTracker\apache-maven-3.9.9-bin\apache-maven-3.9.9\bin\mvn.cmd" clean compile exec:java "-Dexec.mainClass=com.fitness.tracker.Main"
>> 
[INFO] Scanning for projects...
[INFO] 
[INFO] -----------------< com.fitness.tracker:FitnessTracker >-----------------
[INFO] Building FitnessTracker 1.0-SNAPSHOT
[INFO]   from pom.xml
[INFO] --------------------------------[ jar ]---------------------------------
[INFO] 
[INFO] --- clean:3.2.0:clean (default-clean) @ FitnessTracker ---
[INFO] Deleting C:\Users\mobri\Documents\FitnessTracker\target
[INFO] 
[INFO] --- resources:3.3.1:resources (default-resources) @ FitnessTracker ---
[INFO] skip non existing resourceDirectory C:\Users\mobri\Documents\FitnessTracker\src\main\resources
[INFO] 
[INFO] --- compiler:3.13.0:compile (default-compile) @ FitnessTracker ---
[INFO] Recompiling the module because of changed source code.
[INFO] Compiling 4 source files with javac [debug target 17] to target\classes
[WARNING] location of system modules is not set in conjunction with -source 17
  not setting the location of system modules may lead to class files that cannot run on JDK 17
    --release 17 is recommended instead of -source 17 -target 17 because it sets the location of system modules automatically
[INFO] 
[INFO] --- exec:3.1.0:java (default-cli) @ FitnessTracker ---
=========================================
        D O P E         A S S        
     F I T N E S S   T R A C K E R
=========================================

youve completed 4 workouts today. good shit bro!
so far your total cals burned are: 1050

====== CURRENT GOALS ======
Goal: Hit 500 cals | Target: 500 | Progress: 1050 | Achieved? true
Goal: Hit 1200 cals | Target: 1200 | Progress: 1050 | Achieved? false

Goal2 (1200 cals) not met yet? Lets push harder
After adding HIIT (350 cals), total cals = 1400
Goal2 achieved now? true

Demo complete. youre unstoppable.
[INFO] ------------------------------------------------------------------------
[INFO] BUILD SUCCESS
[INFO] ------------------------------------------------------------------------
[INFO] Total time:  0.873 s
[INFO] Finished at: 2025-02-07T02:59:57-03:30
[INFO] ------------------------------------------------------------------------

Tests 

PS C:\Users\mobri\Documents\FitnessTracker> & "C:\Users\mobri\Documents\FitnessTracker\apache-maven-3.9.9-bin\apache-maven-3.9.9\bin\mvn.cmd" clean install
[INFO] Scanning for projects...
[INFO] 
[INFO] -----------------< com.fitness.tracker:FitnessTracker >-----------------
[INFO] Building FitnessTracker 1.0-SNAPSHOT
[INFO]   from pom.xml
[INFO] --------------------------------[ jar ]---------------------------------
[INFO] 
[INFO] --- clean:3.2.0:clean (default-clean) @ FitnessTracker ---
[INFO] Deleting C:\Users\mobri\Documents\FitnessTracker\target
[INFO]
[INFO] --- resources:3.3.1:resources (default-resources) @ FitnessTracker ---
[INFO] skip non existing resourceDirectory C:\Users\mobri\Documents\FitnessTracker\src\main\resources
[INFO]
[INFO] --- compiler:3.13.0:compile (default-compile) @ FitnessTracker ---
[INFO] Recompiling the module because of changed source code.
[INFO] Compiling 4 source files with javac [debug target 17] to target\classes
[WARNING] location of system modules is not set in conjunction with -source 17
  not setting the location of system modules may lead to class files that cannot run on JDK 17
    --release 17 is recommended instead of -source 17 -target 17 because it sets the location of system modules automatically
[INFO]
[INFO] --- resources:3.3.1:testResources (default-testResources) @ FitnessTracker ---
[INFO] skip non existing resourceDirectory C:\Users\mobri\Documents\FitnessTracker\src\test\resources
[INFO]
[INFO] --- compiler:3.13.0:testCompile (default-testCompile) @ FitnessTracker ---
[INFO] Recompiling the module because of changed dependency.
[INFO] Compiling 3 source files with javac [debug target 17] to target\test-classes
[WARNING] location of system modules is not set in conjunction with -source 17
  not setting the location of system modules may lead to class files that cannot run on JDK 17
    --release 17 is recommended instead of -source 17 -target 17 because it sets the location of system modules automatically
[INFO]
[INFO] --- surefire:3.0.0-M7:test (default-test) @ FitnessTracker ---
[INFO] Using auto detected provider org.apache.maven.surefire.junitplatform.JUnitPlatformProvider
[INFO] 
[INFO] -------------------------------------------------------
[INFO]  T E S T S
[INFO] -------------------------------------------------------
[INFO] Running com.fitness.tracker.goal_test
[INFO] Tests run: 2, Failures: 0, Errors: 0, Skipped: 0, Time elapsed: 0.028 s - in com.fitness.tracker.goal_test
[INFO] Running com.fitness.tracker.tracker_test
[INFO] Tests run: 3, Failures: 0, Errors: 0, Skipped: 0, Time elapsed: 0.017 s - in com.fitness.tracker.tracker_test
[INFO] Running com.fitness.tracker.workout_test
[INFO] Tests run: 3, Failures: 0, Errors: 0, Skipped: 0, Time elapsed: 0.007 s - in com.fitness.tracker.workout_test
[INFO] 
[INFO] Results:
[INFO]
[INFO] Tests run: 8, Failures: 0, Errors: 0, Skipped: 0
[INFO]
[INFO]
[INFO] --- jar:3.4.1:jar (default-jar) @ FitnessTracker ---
[INFO] Building jar: C:\Users\mobri\Documents\FitnessTracker\target\FitnessTracker-1.0-SNAPSHOT.jar
[INFO] 
[INFO] --- install:3.1.2:install (default-install) @ FitnessTracker ---
[INFO] Installing C:\Users\mobri\Documents\FitnessTracker\pom.xml to C:\Users\mobri\.m2\repository\com\fitness\tracker\FitnessTracker\1.0-SNAPSHOT\FitnessTracker-1.0-SNAPSHOT.pom
[INFO] Installing C:\Users\mobri\Documents\FitnessTracker\target\FitnessTracker-1.0-SNAPSHOT.jar to C:\Users\mobri\.m2\repository\com\fitness\tracker\FitnessTracker\1.0-SNAPSHOT\FitnessTracker-1.0-SNAPSHOT.jar
[INFO] ------------------------------------------------------------------------
[INFO] BUILD SUCCESS
[INFO] ------------------------------------------------------------------------
[INFO] Total time:  2.012 s
[INFO] Finished at: 2025-02-07T03:00:19-03:30
[INFO] ------------------------------------------------------------------------
PS C:\Users\mobri\Documents\FitnessTracker> 